[2024-02-24T11:19:59.881+0000] {taskinstance.py:1956} INFO - Dependencies all met for dep_context=non-requeueable deps ti=<TaskInstance: api_dag.transform_load_data_task manual__2024-02-24T11:19:54.679071+00:00 [queued]>
[2024-02-24T11:19:59.887+0000] {taskinstance.py:1956} INFO - Dependencies all met for dep_context=requeueable deps ti=<TaskInstance: api_dag.transform_load_data_task manual__2024-02-24T11:19:54.679071+00:00 [queued]>
[2024-02-24T11:19:59.887+0000] {taskinstance.py:2170} INFO - Starting attempt 1 of 1
[2024-02-24T11:19:59.897+0000] {taskinstance.py:2191} INFO - Executing <Task(PythonOperator): transform_load_data_task> on 2024-02-24 11:19:54.679071+00:00
[2024-02-24T11:19:59.902+0000] {standard_task_runner.py:60} INFO - Started process 2087 to run task
[2024-02-24T11:19:59.904+0000] {standard_task_runner.py:87} INFO - Running: ['***', 'tasks', 'run', 'api_dag', 'transform_load_data_task', 'manual__2024-02-24T11:19:54.679071+00:00', '--job-id', '588', '--raw', '--subdir', 'DAGS_FOLDER/api_dag.py', '--cfg-path', '/tmp/tmp5ncfi6hg']
[2024-02-24T11:19:59.905+0000] {standard_task_runner.py:88} INFO - Job 588: Subtask transform_load_data_task
[2024-02-24T11:19:59.934+0000] {task_command.py:423} INFO - Running <TaskInstance: api_dag.transform_load_data_task manual__2024-02-24T11:19:54.679071+00:00 [running]> on host 614a08523528
[2024-02-24T11:19:59.983+0000] {taskinstance.py:2480} INFO - Exporting env vars: AIRFLOW_CTX_DAG_OWNER='***' AIRFLOW_CTX_DAG_ID='api_dag' AIRFLOW_CTX_TASK_ID='transform_load_data_task' AIRFLOW_CTX_EXECUTION_DATE='2024-02-24T11:19:54.679071+00:00' AIRFLOW_CTX_TRY_NUMBER='1' AIRFLOW_CTX_DAG_RUN_ID='manual__2024-02-24T11:19:54.679071+00:00'
[2024-02-24T11:20:00.015+0000] {logging_mixin.py:188} INFO - [{'idMezzo': 32678}]
[2024-02-24T11:20:00.019+0000] {logging_mixin.py:188} INFO -     Mezzo  kmTotali
0  233015  968.6 km
1  233015  968.6 km
2  233015  968.6 km
3  233015  968.6 km
[2024-02-24T11:20:00.020+0000] {taskinstance.py:2698} ERROR - Task failed with exception
Traceback (most recent call last):
  File "/home/airflow/.local/lib/python3.8/site-packages/pandas/core/indexing.py", line 904, in _validate_tuple_indexer
    self._validate_key(k, i)
  File "/home/airflow/.local/lib/python3.8/site-packages/pandas/core/indexing.py", line 1518, in _validate_key
    raise ValueError(f"Can only index by location with a [{self._valid_types}]")
ValueError: Can only index by location with a [integer, integer slice (START point is INCLUDED, END point is EXCLUDED), listlike of integers, boolean array]

The above exception was the direct cause of the following exception:

Traceback (most recent call last):
  File "/home/airflow/.local/lib/python3.8/site-packages/airflow/models/taskinstance.py", line 433, in _execute_task
    result = execute_callable(context=context, **execute_callable_kwargs)
  File "/home/airflow/.local/lib/python3.8/site-packages/airflow/operators/python.py", line 199, in execute
    return_value = self.execute_callable()
  File "/home/airflow/.local/lib/python3.8/site-packages/airflow/operators/python.py", line 216, in execute_callable
    return self.python_callable(*self.op_args, **self.op_kwargs)
  File "/opt/airflow/dags/api_dag.py", line 28, in transform_data
    selected_csv = df_csv.iloc['Mezzi',0]
  File "/home/airflow/.local/lib/python3.8/site-packages/pandas/core/indexing.py", line 1097, in __getitem__
    return self._getitem_tuple(key)
  File "/home/airflow/.local/lib/python3.8/site-packages/pandas/core/indexing.py", line 1594, in _getitem_tuple
    tup = self._validate_tuple_indexer(tup)
  File "/home/airflow/.local/lib/python3.8/site-packages/pandas/core/indexing.py", line 906, in _validate_tuple_indexer
    raise ValueError(
ValueError: Location based indexing can only have [integer, integer slice (START point is INCLUDED, END point is EXCLUDED), listlike of integers, boolean array] types
[2024-02-24T11:20:00.027+0000] {taskinstance.py:1138} INFO - Marking task as FAILED. dag_id=api_dag, task_id=transform_load_data_task, execution_date=20240224T111954, start_date=20240224T111959, end_date=20240224T112000
[2024-02-24T11:20:00.036+0000] {standard_task_runner.py:107} ERROR - Failed to execute job 588 for task transform_load_data_task (Location based indexing can only have [integer, integer slice (START point is INCLUDED, END point is EXCLUDED), listlike of integers, boolean array] types; 2087)
[2024-02-24T11:20:00.077+0000] {local_task_job_runner.py:234} INFO - Task exited with return code 1
[2024-02-24T11:20:00.097+0000] {taskinstance.py:3280} INFO - 0 downstream tasks scheduled from follow-on schedule check
