[2024-02-24T09:47:56.190+0000] {taskinstance.py:1956} INFO - Dependencies all met for dep_context=non-requeueable deps ti=<TaskInstance: api_dag.extract_api_task manual__2024-02-24T09:47:55.028965+00:00 [queued]>
[2024-02-24T09:47:56.198+0000] {taskinstance.py:1956} INFO - Dependencies all met for dep_context=requeueable deps ti=<TaskInstance: api_dag.extract_api_task manual__2024-02-24T09:47:55.028965+00:00 [queued]>
[2024-02-24T09:47:56.198+0000] {taskinstance.py:2170} INFO - Starting attempt 1 of 1
[2024-02-24T09:47:56.206+0000] {taskinstance.py:2191} INFO - Executing <Task(SimpleHttpOperator): extract_api_task> on 2024-02-24 09:47:55.028965+00:00
[2024-02-24T09:47:56.210+0000] {standard_task_runner.py:60} INFO - Started process 126 to run task
[2024-02-24T09:47:56.213+0000] {standard_task_runner.py:87} INFO - Running: ['***', 'tasks', 'run', 'api_dag', 'extract_api_task', 'manual__2024-02-24T09:47:55.028965+00:00', '--job-id', '459', '--raw', '--subdir', 'DAGS_FOLDER/api_dag.py', '--cfg-path', '/tmp/tmphqjecwmr']
[2024-02-24T09:47:56.214+0000] {standard_task_runner.py:88} INFO - Job 459: Subtask extract_api_task
[2024-02-24T09:47:56.250+0000] {task_command.py:423} INFO - Running <TaskInstance: api_dag.extract_api_task manual__2024-02-24T09:47:55.028965+00:00 [running]> on host 614a08523528
[2024-02-24T09:47:56.317+0000] {taskinstance.py:2480} INFO - Exporting env vars: AIRFLOW_CTX_DAG_OWNER='***' AIRFLOW_CTX_DAG_ID='api_dag' AIRFLOW_CTX_TASK_ID='extract_api_task' AIRFLOW_CTX_EXECUTION_DATE='2024-02-24T09:47:55.028965+00:00' AIRFLOW_CTX_TRY_NUMBER='1' AIRFLOW_CTX_DAG_RUN_ID='manual__2024-02-24T09:47:55.028965+00:00'
[2024-02-24T09:47:56.318+0000] {http.py:169} INFO - Calling HTTP method
[2024-02-24T09:47:56.324+0000] {base.py:83} INFO - Using connection ID 'first_conn' for task execution.
[2024-02-24T09:47:56.329+0000] {base.py:83} INFO - Using connection ID 'first_conn' for task execution.
[2024-02-24T09:48:04.337+0000] {http.py:221} WARNING - HTTPSConnectionPool(host='api.recorditalia.net', port=443): Max retries exceeded with url: /owner/posizione/flotta/13127 (Caused by NewConnectionError('<urllib3.connection.HTTPSConnection object at 0x7f88f244d4c0>: Failed to establish a new connection: [Errno -3] Temporary failure in name resolution')) Tenacity will retry to execute the operation
[2024-02-24T09:48:04.337+0000] {taskinstance.py:2698} ERROR - Task failed with exception
Traceback (most recent call last):
  File "/home/airflow/.local/lib/python3.8/site-packages/urllib3/connection.py", line 174, in _new_conn
    conn = connection.create_connection(
  File "/home/airflow/.local/lib/python3.8/site-packages/urllib3/util/connection.py", line 72, in create_connection
    for res in socket.getaddrinfo(host, port, family, socket.SOCK_STREAM):
  File "/usr/local/lib/python3.8/socket.py", line 918, in getaddrinfo
    for res in _socket.getaddrinfo(host, port, family, type, proto, flags):
socket.gaierror: [Errno -3] Temporary failure in name resolution

During handling of the above exception, another exception occurred:

Traceback (most recent call last):
  File "/home/airflow/.local/lib/python3.8/site-packages/urllib3/connectionpool.py", line 715, in urlopen
    httplib_response = self._make_request(
  File "/home/airflow/.local/lib/python3.8/site-packages/urllib3/connectionpool.py", line 404, in _make_request
    self._validate_conn(conn)
  File "/home/airflow/.local/lib/python3.8/site-packages/urllib3/connectionpool.py", line 1058, in _validate_conn
    conn.connect()
  File "/home/airflow/.local/lib/python3.8/site-packages/urllib3/connection.py", line 363, in connect
    self.sock = conn = self._new_conn()
  File "/home/airflow/.local/lib/python3.8/site-packages/urllib3/connection.py", line 186, in _new_conn
    raise NewConnectionError(
urllib3.exceptions.NewConnectionError: <urllib3.connection.HTTPSConnection object at 0x7f88f244d4c0>: Failed to establish a new connection: [Errno -3] Temporary failure in name resolution

During handling of the above exception, another exception occurred:

Traceback (most recent call last):
  File "/home/airflow/.local/lib/python3.8/site-packages/requests/adapters.py", line 486, in send
    resp = conn.urlopen(
  File "/home/airflow/.local/lib/python3.8/site-packages/urllib3/connectionpool.py", line 799, in urlopen
    retries = retries.increment(
  File "/home/airflow/.local/lib/python3.8/site-packages/urllib3/util/retry.py", line 592, in increment
    raise MaxRetryError(_pool, url, error or ResponseError(cause))
urllib3.exceptions.MaxRetryError: HTTPSConnectionPool(host='api.recorditalia.net', port=443): Max retries exceeded with url: /owner/posizione/flotta/13127 (Caused by NewConnectionError('<urllib3.connection.HTTPSConnection object at 0x7f88f244d4c0>: Failed to establish a new connection: [Errno -3] Temporary failure in name resolution'))

During handling of the above exception, another exception occurred:

Traceback (most recent call last):
  File "/home/airflow/.local/lib/python3.8/site-packages/airflow/models/taskinstance.py", line 433, in _execute_task
    result = execute_callable(context=context, **execute_callable_kwargs)
  File "/home/airflow/.local/lib/python3.8/site-packages/airflow/providers/http/operators/http.py", line 166, in execute
    return self.execute_sync(context=context)
  File "/home/airflow/.local/lib/python3.8/site-packages/airflow/providers/http/operators/http.py", line 170, in execute_sync
    response = self.hook.run(self.endpoint, self.data, self.headers, self.extra_options)
  File "/home/airflow/.local/lib/python3.8/site-packages/airflow/providers/http/hooks/http.py", line 166, in run
    return self.run_and_check(session, prepped_request, extra_options)
  File "/home/airflow/.local/lib/python3.8/site-packages/airflow/providers/http/hooks/http.py", line 222, in run_and_check
    raise ex
  File "/home/airflow/.local/lib/python3.8/site-packages/airflow/providers/http/hooks/http.py", line 214, in run_and_check
    response = session.send(prepped_request, **send_kwargs)
  File "/home/airflow/.local/lib/python3.8/site-packages/requests/sessions.py", line 703, in send
    r = adapter.send(request, **kwargs)
  File "/home/airflow/.local/lib/python3.8/site-packages/requests/adapters.py", line 519, in send
    raise ConnectionError(e, request=request)
requests.exceptions.ConnectionError: HTTPSConnectionPool(host='api.recorditalia.net', port=443): Max retries exceeded with url: /owner/posizione/flotta/13127 (Caused by NewConnectionError('<urllib3.connection.HTTPSConnection object at 0x7f88f244d4c0>: Failed to establish a new connection: [Errno -3] Temporary failure in name resolution'))
[2024-02-24T09:48:04.348+0000] {taskinstance.py:1138} INFO - Marking task as FAILED. dag_id=api_dag, task_id=extract_api_task, execution_date=20240224T094755, start_date=20240224T094756, end_date=20240224T094804
[2024-02-24T09:48:04.358+0000] {standard_task_runner.py:107} ERROR - Failed to execute job 459 for task extract_api_task (HTTPSConnectionPool(host='api.recorditalia.net', port=443): Max retries exceeded with url: /owner/posizione/flotta/13127 (Caused by NewConnectionError('<urllib3.connection.HTTPSConnection object at 0x7f88f244d4c0>: Failed to establish a new connection: [Errno -3] Temporary failure in name resolution')); 126)
[2024-02-24T09:48:04.398+0000] {local_task_job_runner.py:234} INFO - Task exited with return code 1
[2024-02-24T09:48:04.414+0000] {taskinstance.py:3280} INFO - 0 downstream tasks scheduled from follow-on schedule check
